<?xml version="1.0" encoding="UTF-8"?>
<!-- Generated by org.testng.reporters.JUnitXMLReporter -->
<testsuite ignored="2" hostname="Sohaib" failures="0" tests="1" name="Default test" time="5.464" errors="0" timestamp="2025-05-17T07:19:20 GMT+03:00">
  <testcase classname="DataBaseTesting.DataBaseTesting.AppTest" name="ReadeDataBase" time="0.848"/>
  <testcase classname="DataBaseTesting.DataBaseTesting.AppTest" name="InsertIntoDataBase" time="0.0">
    <ignored/>
  </testcase> <!-- InsertIntoDataBase -->
  <testcase classname="DataBaseTesting.DataBaseTesting.AppTest" name="UpdateDataBase" time="0.0">
    <ignored/>
  </testcase> <!-- UpdateDataBase -->
</testsuite> <!-- Default test -->
