<?xml version="1.0" encoding="UTF-8"?>
<testng-results ignored="2" total="3" passed="1" failed="0" skipped="0">
  <reporter-output>
  </reporter-output>
  <suite started-at="2025-05-17T07:19:15 GMT+03:00" name="Default suite" finished-at="2025-05-17T07:19:20 GMT+03:00" duration-ms="5464">
    <groups>
    </groups>
    <test started-at="2025-05-17T07:19:15 GMT+03:00" name="Default test" finished-at="2025-05-17T07:19:20 GMT+03:00" duration-ms="5464">
      <class name="DataBaseTesting.DataBaseTesting.AppTest">
        <test-method is-config="true" signature="mySetup()[pri:0, instance:DataBaseTesting.DataBaseTesting.AppTest@6b7906b3]" started-at="2025-05-17T07:19:15 GMT+03:00" name="mySetup" finished-at="2025-05-17T07:19:19 GMT+03:00" duration-ms="4510" status="PASS">
          <reporter-output>
          </reporter-output>
        </test-method> <!-- mySetup -->
        <test-method signature="ReadeDataBase()[pri:3, instance:DataBaseTesting.DataBaseTesting.AppTest@6b7906b3]" started-at="2025-05-17T07:19:20 GMT+03:00" name="ReadeDataBase" finished-at="2025-05-17T07:19:20 GMT+03:00" duration-ms="848" status="PASS">
          <reporter-output>
          </reporter-output>
        </test-method> <!-- ReadeDataBase -->
      </class> <!-- DataBaseTesting.DataBaseTesting.AppTest -->
    </test> <!-- Default test -->
  </suite> <!-- Default suite -->
</testng-results>
